{"/home/lucacosta68/modulo-crediti/src/index.ts": {"path":"/home/lucacosta68/modulo-crediti/src/index.ts","statementMap":{"0":{"start":{"line":1,"column":0},"end":{"line":1,"column":66}},"1":{"start":{"line":2,"column":0},"end":{"line":2,"column":51}},"2":{"start":{"line":3,"column":0},"end":{"line":3,"column":58}},"3":{"start":{"line":4,"column":0},"end":{"line":4,"column":36}},"4":{"start":{"line":6,"column":31},"end":{"line":6,"column":34}},"5":{"start":{"line":9,"column":2},"end":{"line":9,"column":19}},"6":{"start":{"line":10,"column":10},"end":{"line":10,"column":null}},"7":{"start":{"line":11,"column":9},"end":{"line":11,"column":20}},"8":{"start":{"line":25,"column":9},"end":{"line":25,"column":20}},"9":{"start":{"line":12,"column":6},"end":{"line":22,"column":9}},"10":{"start":{"line":23,"column":6},"end":{"line":23,"column":12}},"11":{"start":{"line":26,"column":20},"end":{"line":26,"column":null}},"12":{"start":{"line":26,"column":10},"end":{"line":26,"column":null}},"13":{"start":{"line":27,"column":6},"end":{"line":40,"column":null}},"14":{"start":{"line":28,"column":8},"end":{"line":38,"column":11}},"15":{"start":{"line":39,"column":8},"end":{"line":39,"column":14}},"16":{"start":{"line":44,"column":2},"end":{"line":49,"column":4}},"17":{"start":{"line":43,"column":0},"end":{"line":43,"column":22}}},"fnMap":{"0":{"name":"handler","decl":{"start":{"line":8,"column":15},"end":{"line":8,"column":22}},"loc":{"start":{"line":8,"column":35},"end":{"line":42,"column":null}}},"1":{"name":"run","decl":{"start":{"line":43,"column":22},"end":{"line":43,"column":25}},"loc":{"start":{"line":43,"column":25},"end":{"line":50,"column":null}}}},"branchMap":{"0":{"loc":{"start":{"line":26,"column":20},"end":{"line":26,"column":null}},"type":"switch","locations":[{"start":{"line":26,"column":20},"end":{"line":26,"column":null}}]},"1":{"loc":{"start":{"line":11,"column":9},"end":{"line":11,"column":20}},"type":"switch","locations":[{"start":{"line":11,"column":9},"end":{"line":11,"column":20}},{"start":{"line":25,"column":9},"end":{"line":25,"column":20}}]},"2":{"loc":{"start":{"line":19,"column":47},"end":{"line":19,"column":51}},"type":"cond-expr","locations":[{"start":{"line":19,"column":47},"end":{"line":19,"column":51}},{"start":{"line":19,"column":51},"end":{"line":19,"column":59}}]},"3":{"loc":{"start":{"line":19,"column":25},"end":{"line":19,"column":51}},"type":"binary-expr","locations":[{"start":{"line":19,"column":25},"end":{"line":19,"column":51}},{"start":{"line":19,"column":47},"end":{"line":19,"column":51}}]},"4":{"loc":{"start":{"line":27,"column":6},"end":{"line":40,"column":null}},"type":"if","locations":[{"start":{"line":27,"column":6},"end":{"line":40,"column":null}},{"start":{"line":27,"column":6},"end":{"line":40,"column":null}}]},"5":{"loc":{"start":{"line":27,"column":10},"end":{"line":27,"column":43}},"type":"binary-expr","locations":[{"start":{"line":27,"column":10},"end":{"line":27,"column":43}},{"start":{"line":27,"column":47},"end":{"line":27,"column":76}}]},"6":{"loc":{"start":{"line":35,"column":49},"end":{"line":35,"column":53}},"type":"cond-expr","locations":[{"start":{"line":35,"column":49},"end":{"line":35,"column":53}},{"start":{"line":35,"column":53},"end":{"line":35,"column":61}}]},"7":{"loc":{"start":{"line":35,"column":27},"end":{"line":35,"column":53}},"type":"binary-expr","locations":[{"start":{"line":35,"column":27},"end":{"line":35,"column":53}},{"start":{"line":35,"column":49},"end":{"line":35,"column":53}}]}},"s":{"0":1,"1":1,"2":1,"3":1,"4":1,"5":5,"6":5,"7":1,"8":4,"9":1,"10":1,"11":4,"12":4,"13":4,"14":3,"15":3,"16":5,"17":1},"f":{"0":5,"1":5},"b":{"0":[4],"1":[1,4],"2":[1,0],"3":[1,1],"4":[3,1],"5":[4,3],"6":[1,2],"7":[3,3]}}
,"/home/lucacosta68/modulo-crediti/src/indexGiftCard.ts": {"path":"/home/lucacosta68/modulo-crediti/src/indexGiftCard.ts","statementMap":{"0":{"start":{"line":1,"column":0},"end":{"line":1,"column":null}},"1":{"start":{"line":8,"column":0},"end":{"line":8,"column":null}},"2":{"start":{"line":14,"column":0},"end":{"line":14,"column":65}},"3":{"start":{"line":22,"column":2},"end":{"line":22,"column":19}},"4":{"start":{"line":23,"column":10},"end":{"line":23,"column":null}},"5":{"start":{"line":24,"column":9},"end":{"line":24,"column":20}},"6":{"start":{"line":49,"column":9},"end":{"line":49,"column":20}},"7":{"start":{"line":74,"column":9},"end":{"line":74,"column":20}},"8":{"start":{"line":97,"column":9},"end":{"line":97,"column":20}},"9":{"start":{"line":25,"column":12},"end":{"line":25,"column":52}},"10":{"start":{"line":25,"column":6},"end":{"line":47,"column":null}},"11":{"start":{"line":26,"column":8},"end":{"line":37,"column":11}},"12":{"start":{"line":39,"column":8},"end":{"line":46,"column":11}},"13":{"start":{"line":50,"column":10},"end":{"line":50,"column":51}},"14":{"start":{"line":50,"column":6},"end":{"line":72,"column":null}},"15":{"start":{"line":51,"column":8},"end":{"line":62,"column":11}},"16":{"start":{"line":64,"column":8},"end":{"line":71,"column":11}},"17":{"start":{"line":75,"column":10},"end":{"line":75,"column":61}},"18":{"start":{"line":75,"column":6},"end":{"line":77,"column":null}},"19":{"start":{"line":76,"column":8},"end":{"line":76,"column":15}},"20":{"start":{"line":78,"column":6},"end":{"line":83,"column":9}},"21":{"start":{"line":84,"column":10},"end":{"line":84,"column":null}},"22":{"start":{"line":84,"column":10},"end":{"line":84,"column":16}},"23":{"start":{"line":85,"column":8},"end":{"line":94,"column":11}},"24":{"start":{"line":99,"column":9},"end":{"line":99,"column":62}},"25":{"start":{"line":99,"column":8},"end":{"line":99,"column":null}},"26":{"start":{"line":99,"column":8},"end":{"line":99,"column":9}},"27":{"start":{"line":100,"column":10},"end":{"line":100,"column":61}},"28":{"start":{"line":100,"column":8},"end":{"line":100,"column":null}},"29":{"start":{"line":98,"column":6},"end":{"line":125,"column":null}},"30":{"start":{"line":102,"column":8},"end":{"line":112,"column":11}},"31":{"start":{"line":114,"column":8},"end":{"line":124,"column":11}},"32":{"start":{"line":142,"column":10},"end":{"line":142,"column":null}},"33":{"start":{"line":143,"column":9},"end":{"line":143,"column":18}},"34":{"start":{"line":144,"column":10},"end":{"line":144,"column":63}},"35":{"start":{"line":144,"column":6},"end":{"line":146,"column":null}},"36":{"start":{"line":145,"column":8},"end":{"line":145,"column":15}},"37":{"start":{"line":147,"column":6},"end":{"line":152,"column":9}},"38":{"start":{"line":157,"column":2},"end":{"line":176,"column":4}},"39":{"start":{"line":156,"column":0},"end":{"line":156,"column":22}}},"fnMap":{"0":{"name":"handler","decl":{"start":{"line":16,"column":15},"end":{"line":16,"column":22}},"loc":{"start":{"line":16,"column":35},"end":{"line":127,"column":null}}},"1":{"name":"handlerCredits","decl":{"start":{"line":141,"column":15},"end":{"line":141,"column":29}},"loc":{"start":{"line":141,"column":42},"end":{"line":154,"column":null}}},"2":{"name":"runGiftCard","decl":{"start":{"line":156,"column":22},"end":{"line":156,"column":33}},"loc":{"start":{"line":156,"column":33},"end":{"line":177,"column":null}}}},"branchMap":{"0":{"loc":{"start":{"line":25,"column":12},"end":{"line":25,"column":52}},"type":"switch","locations":[{"start":{"line":25,"column":12},"end":{"line":25,"column":52}},{"start":{"line":50,"column":10},"end":{"line":50,"column":51}},{"start":{"line":75,"column":10},"end":{"line":75,"column":61}},{"start":{"line":99,"column":9},"end":{"line":99,"column":62}}]},"1":{"loc":{"start":{"line":24,"column":9},"end":{"line":24,"column":20}},"type":"switch","locations":[{"start":{"line":24,"column":9},"end":{"line":24,"column":20}},{"start":{"line":49,"column":9},"end":{"line":49,"column":20}},{"start":{"line":74,"column":9},"end":{"line":74,"column":20}},{"start":{"line":97,"column":9},"end":{"line":97,"column":20}}]},"2":{"loc":{"start":{"line":25,"column":6},"end":{"line":47,"column":null}},"type":"if","locations":[{"start":{"line":25,"column":6},"end":{"line":47,"column":null}},{"start":{"line":25,"column":6},"end":{"line":47,"column":null}}]},"3":{"loc":{"start":{"line":50,"column":6},"end":{"line":72,"column":null}},"type":"if","locations":[{"start":{"line":50,"column":6},"end":{"line":72,"column":null}},{"start":{"line":50,"column":6},"end":{"line":72,"column":null}}]},"4":{"loc":{"start":{"line":75,"column":6},"end":{"line":77,"column":null}},"type":"if","locations":[{"start":{"line":75,"column":6},"end":{"line":77,"column":null}},{"start":{"line":75,"column":6},"end":{"line":77,"column":null}}]},"5":{"loc":{"start":{"line":84,"column":10},"end":{"line":84,"column":16}},"type":"if","locations":[{"start":{"line":84,"column":10},"end":{"line":84,"column":16}},{"start":{"line":84,"column":10},"end":{"line":84,"column":16}}]},"6":{"loc":{"start":{"line":99,"column":8},"end":{"line":99,"column":9}},"type":"if","locations":[{"start":{"line":99,"column":8},"end":{"line":99,"column":9}},{"start":{"line":99,"column":8},"end":{"line":99,"column":9}}]},"7":{"loc":{"start":{"line":98,"column":6},"end":{"line":125,"column":null}},"type":"if","locations":[{"start":{"line":98,"column":6},"end":{"line":125,"column":null}},{"start":{"line":98,"column":6},"end":{"line":125,"column":null}}]},"8":{"loc":{"start":{"line":144,"column":10},"end":{"line":144,"column":63}},"type":"switch","locations":[{"start":{"line":144,"column":10},"end":{"line":144,"column":63}}]},"9":{"loc":{"start":{"line":143,"column":9},"end":{"line":143,"column":18}},"type":"switch","locations":[{"start":{"line":143,"column":9},"end":{"line":143,"column":18}}]},"10":{"loc":{"start":{"line":144,"column":6},"end":{"line":146,"column":null}},"type":"if","locations":[{"start":{"line":144,"column":6},"end":{"line":146,"column":null}},{"start":{"line":144,"column":6},"end":{"line":146,"column":null}}]}},"s":{"0":1,"1":1,"2":1,"3":12,"4":12,"5":2,"6":2,"7":1,"8":7,"9":2,"10":2,"11":1,"12":1,"13":2,"14":2,"15":1,"16":1,"17":1,"18":1,"19":0,"20":2,"21":1,"22":1,"23":2,"24":8,"25":8,"26":9,"27":7,"28":7,"29":8,"30":7,"31":1,"32":2,"33":1,"34":1,"35":1,"36":0,"37":1,"38":8,"39":1},"f":{"0":12,"1":2,"2":8},"b":{"0":[2,2,1,8],"1":[2,2,1,7],"2":[1,1],"3":[1,1],"4":[0,1],"5":[0,1],"6":[1,7],"7":[7,1],"8":[1],"9":[1],"10":[0,1]}}
,"/home/lucacosta68/modulo-crediti/src/projectors.ts": {"path":"/home/lucacosta68/modulo-crediti/src/projectors.ts","statementMap":{"0":{"start":{"line":1,"column":0},"end":{"line":1,"column":67}},"1":{"start":{"line":2,"column":0},"end":{"line":2,"column":36}},"2":{"start":{"line":9,"column":4},"end":{"line":16,"column":null}},"3":{"start":{"line":13,"column":6},"end":{"line":13,"column":35}},"4":{"start":{"line":15,"column":6},"end":{"line":15,"column":35}},"5":{"start":{"line":17,"column":4},"end":{"line":21,"column":null}},"6":{"start":{"line":18,"column":6},"end":{"line":18,"column":15}},"7":{"start":{"line":20,"column":6},"end":{"line":20,"column":17}},"8":{"start":{"line":6,"column":6},"end":{"line":6,"column":24}},"9":{"start":{"line":7,"column":8},"end":{"line":7,"column":68}},"10":{"start":{"line":24,"column":2},"end":{"line":30,"column":4}},"11":{"start":{"line":5,"column":0},"end":{"line":5,"column":22}},"12":{"start":{"line":35,"column":4},"end":{"line":41,"column":null}},"13":{"start":{"line":36,"column":6},"end":{"line":36,"column":18}},"14":{"start":{"line":37,"column":11},"end":{"line":41,"column":null}},"15":{"start":{"line":38,"column":6},"end":{"line":38,"column":19}},"16":{"start":{"line":40,"column":6},"end":{"line":40,"column":17}},"17":{"start":{"line":43,"column":2},"end":{"line":49,"column":4}},"18":{"start":{"line":33,"column":0},"end":{"line":33,"column":22}},"19":{"start":{"line":54,"column":4},"end":{"line":58,"column":null}},"20":{"start":{"line":55,"column":6},"end":{"line":55,"column":18}},"21":{"start":{"line":57,"column":6},"end":{"line":57,"column":19}},"22":{"start":{"line":60,"column":2},"end":{"line":64,"column":4}},"23":{"start":{"line":52,"column":0},"end":{"line":52,"column":22}},"24":{"start":{"line":69,"column":4},"end":{"line":73,"column":null}},"25":{"start":{"line":70,"column":6},"end":{"line":70,"column":18}},"26":{"start":{"line":72,"column":6},"end":{"line":72,"column":19}},"27":{"start":{"line":75,"column":2},"end":{"line":79,"column":4}},"28":{"start":{"line":67,"column":0},"end":{"line":67,"column":22}},"29":{"start":{"line":84,"column":4},"end":{"line":88,"column":null}},"30":{"start":{"line":85,"column":6},"end":{"line":85,"column":18}},"31":{"start":{"line":87,"column":6},"end":{"line":87,"column":19}},"32":{"start":{"line":90,"column":2},"end":{"line":94,"column":4}},"33":{"start":{"line":82,"column":0},"end":{"line":82,"column":22}}},"fnMap":{"0":{"name":"runBalanceProjector","decl":{"start":{"line":5,"column":22},"end":{"line":5,"column":41}},"loc":{"start":{"line":5,"column":58},"end":{"line":31,"column":null}}},"1":{"name":"reducer","decl":{"start":{"line":8,"column":11},"end":{"line":8,"column":18}},"loc":{"start":{"line":8,"column":45},"end":{"line":22,"column":3}}},"2":{"name":"runGiftCardProjector","decl":{"start":{"line":33,"column":22},"end":{"line":33,"column":42}},"loc":{"start":{"line":33,"column":57},"end":{"line":50,"column":null}}},"3":{"name":"reducer","decl":{"start":{"line":34,"column":11},"end":{"line":34,"column":18}},"loc":{"start":{"line":34,"column":46},"end":{"line":42,"column":3}}},"4":{"name":"runPendingProjector","decl":{"start":{"line":52,"column":22},"end":{"line":52,"column":41}},"loc":{"start":{"line":52,"column":52},"end":{"line":65,"column":null}}},"5":{"name":"reducer","decl":{"start":{"line":53,"column":11},"end":{"line":53,"column":18}},"loc":{"start":{"line":53,"column":45},"end":{"line":59,"column":3}}},"6":{"name":"runProcessingProjector","decl":{"start":{"line":67,"column":22},"end":{"line":67,"column":44}},"loc":{"start":{"line":67,"column":55},"end":{"line":80,"column":null}}},"7":{"name":"reducer","decl":{"start":{"line":68,"column":11},"end":{"line":68,"column":18}},"loc":{"start":{"line":68,"column":45},"end":{"line":74,"column":3}}},"8":{"name":"runDeliveryProjector","decl":{"start":{"line":82,"column":22},"end":{"line":82,"column":42}},"loc":{"start":{"line":82,"column":53},"end":{"line":95,"column":null}}},"9":{"name":"reducer","decl":{"start":{"line":83,"column":11},"end":{"line":83,"column":18}},"loc":{"start":{"line":83,"column":45},"end":{"line":89,"column":3}}}},"branchMap":{"0":{"loc":{"start":{"line":9,"column":4},"end":{"line":16,"column":null}},"type":"if","locations":[{"start":{"line":9,"column":4},"end":{"line":16,"column":null}},{"start":{"line":9,"column":4},"end":{"line":16,"column":null}}]},"1":{"loc":{"start":{"line":10,"column":6},"end":{"line":10,"column":43}},"type":"binary-expr","locations":[{"start":{"line":10,"column":6},"end":{"line":10,"column":43}},{"start":{"line":11,"column":6},"end":{"line":11,"column":45}}]},"2":{"loc":{"start":{"line":17,"column":4},"end":{"line":21,"column":null}},"type":"if","locations":[{"start":{"line":17,"column":4},"end":{"line":21,"column":null}},{"start":{"line":17,"column":4},"end":{"line":21,"column":null}}]},"3":{"loc":{"start":{"line":35,"column":4},"end":{"line":41,"column":null}},"type":"if","locations":[{"start":{"line":35,"column":4},"end":{"line":41,"column":null}},{"start":{"line":35,"column":4},"end":{"line":41,"column":null}}]},"4":{"loc":{"start":{"line":37,"column":11},"end":{"line":41,"column":null}},"type":"if","locations":[{"start":{"line":37,"column":11},"end":{"line":41,"column":null}},{"start":{"line":37,"column":11},"end":{"line":41,"column":null}}]},"5":{"loc":{"start":{"line":54,"column":4},"end":{"line":58,"column":null}},"type":"if","locations":[{"start":{"line":54,"column":4},"end":{"line":58,"column":null}},{"start":{"line":54,"column":4},"end":{"line":58,"column":null}}]},"6":{"loc":{"start":{"line":69,"column":4},"end":{"line":73,"column":null}},"type":"if","locations":[{"start":{"line":69,"column":4},"end":{"line":73,"column":null}},{"start":{"line":69,"column":4},"end":{"line":73,"column":null}}]},"7":{"loc":{"start":{"line":84,"column":4},"end":{"line":88,"column":null}},"type":"if","locations":[{"start":{"line":84,"column":4},"end":{"line":88,"column":null}},{"start":{"line":84,"column":4},"end":{"line":88,"column":null}}]}},"s":{"0":2,"1":2,"2":11,"3":6,"4":5,"5":11,"6":2,"7":9,"8":9,"9":9,"10":9,"11":2,"12":11,"13":8,"14":3,"15":1,"16":2,"17":11,"18":2,"19":2,"20":1,"21":1,"22":4,"23":2,"24":10,"25":8,"26":2,"27":10,"28":2,"29":9,"30":1,"31":8,"32":9,"33":2},"f":{"0":9,"1":11,"2":11,"3":11,"4":4,"5":2,"6":10,"7":10,"8":9,"9":9},"b":{"0":[6,5],"1":[11,6],"2":[2,9],"3":[8,3],"4":[1,2],"5":[1,1],"6":[8,2],"7":[1,8]}}
,"/home/lucacosta68/modulo-crediti/src/types.ts": {"path":"/home/lucacosta68/modulo-crediti/src/types.ts","statementMap":{"0":{"start":{"line":3,"column":0},"end":{"line":3,"column":null}},"1":{"start":{"line":4,"column":2},"end":{"line":4,"column":null}},"2":{"start":{"line":5,"column":2},"end":{"line":5,"column":null}},"3":{"start":{"line":6,"column":2},"end":{"line":6,"column":null}},"4":{"start":{"line":7,"column":2},"end":{"line":7,"column":null}},"5":{"start":{"line":8,"column":2},"end":{"line":8,"column":null}},"6":{"start":{"line":9,"column":2},"end":{"line":9,"column":null}},"7":{"start":{"line":10,"column":2},"end":{"line":10,"column":null}},"8":{"start":{"line":11,"column":2},"end":{"line":11,"column":null}},"9":{"start":{"line":12,"column":2},"end":{"line":12,"column":null}},"10":{"start":{"line":113,"column":0},"end":{"line":113,"column":null}},"11":{"start":{"line":114,"column":2},"end":{"line":114,"column":null}},"12":{"start":{"line":115,"column":2},"end":{"line":115,"column":null}},"13":{"start":{"line":116,"column":2},"end":{"line":116,"column":null}},"14":{"start":{"line":117,"column":2},"end":{"line":117,"column":null}},"15":{"start":{"line":118,"column":2},"end":{"line":118,"column":null}},"16":{"start":{"line":119,"column":2},"end":{"line":119,"column":null}},"17":{"start":{"line":120,"column":2},"end":{"line":120,"column":null}},"18":{"start":{"line":121,"column":2},"end":{"line":121,"column":null}},"19":{"start":{"line":122,"column":2},"end":{"line":122,"column":null}},"20":{"start":{"line":123,"column":2},"end":{"line":123,"column":null}},"21":{"start":{"line":124,"column":2},"end":{"line":124,"column":null}}},"fnMap":{"0":{"name":"(anonymous_0)","decl":{"start":{"line":3,"column":0},"end":{"line":3,"column":12}},"loc":{"start":{"line":3,"column":23},"end":{"line":13,"column":1}}},"1":{"name":"(anonymous_1)","decl":{"start":{"line":113,"column":0},"end":{"line":113,"column":12}},"loc":{"start":{"line":113,"column":21},"end":{"line":125,"column":1}}}},"branchMap":{"0":{"loc":{"start":{"line":3,"column":12},"end":{"line":3,"column":23}},"type":"binary-expr","locations":[{"start":{"line":3,"column":12},"end":{"line":3,"column":23}},{"start":{"line":3,"column":12},"end":{"line":3,"column":null}}]},"1":{"loc":{"start":{"line":113,"column":12},"end":{"line":113,"column":21}},"type":"binary-expr","locations":[{"start":{"line":113,"column":12},"end":{"line":113,"column":21}},{"start":{"line":113,"column":12},"end":{"line":113,"column":null}}]}},"s":{"0":2,"1":2,"2":2,"3":2,"4":2,"5":2,"6":2,"7":2,"8":2,"9":2,"10":2,"11":2,"12":2,"13":2,"14":2,"15":2,"16":2,"17":2,"18":2,"19":2,"20":2,"21":2},"f":{"0":2,"1":2},"b":{"0":[2,2],"1":[2,2]}}
}
