TN:
SF:src/index.ts
FN:8,handler
FN:43,run
FNF:2
FNH:2
FNDA:5,handler
FNDA:5,run
DA:1,1
DA:2,1
DA:3,1
DA:4,1
DA:6,1
DA:9,5
DA:10,5
DA:11,1
DA:12,1
DA:23,1
DA:25,4
DA:26,4
DA:27,4
DA:28,3
DA:39,3
DA:43,1
DA:44,5
LF:17
LH:17
BRDA:26,0,0,4
BRDA:11,1,0,1
BRDA:11,1,1,4
BRDA:19,2,0,1
BRDA:19,2,1,0
BRDA:19,3,0,1
BRDA:19,3,1,1
BRDA:27,4,0,3
BRDA:27,4,1,1
BRDA:27,5,0,4
BRDA:27,5,1,3
BRDA:35,6,0,1
BRDA:35,6,1,2
BRDA:35,7,0,3
BRDA:35,7,1,3
BRF:15
BRH:14
end_of_record
TN:
SF:src/indexGiftCard.ts
FN:16,handler
FN:141,handlerCredits
FN:156,runGiftCard
FNF:3
FNH:3
FNDA:12,handler
FNDA:2,handlerCredits
FNDA:8,runGiftCard
DA:1,1
DA:8,1
DA:14,1
DA:22,12
DA:23,12
DA:24,2
DA:25,2
DA:26,1
DA:39,1
DA:49,2
DA:50,2
DA:51,1
DA:64,1
DA:74,1
DA:75,1
DA:76,0
DA:78,2
DA:84,1
DA:85,2
DA:97,7
DA:98,8
DA:99,9
DA:100,7
DA:102,7
DA:114,1
DA:142,2
DA:143,1
DA:144,1
DA:145,0
DA:147,1
DA:156,1
DA:157,8
LF:32
LH:30
BRDA:25,0,0,2
BRDA:25,0,1,2
BRDA:25,0,2,1
BRDA:25,0,3,8
BRDA:24,1,0,2
BRDA:24,1,1,2
BRDA:24,1,2,1
BRDA:24,1,3,7
BRDA:25,2,0,1
BRDA:25,2,1,1
BRDA:50,3,0,1
BRDA:50,3,1,1
BRDA:75,4,0,0
BRDA:75,4,1,1
BRDA:84,5,0,0
BRDA:84,5,1,1
BRDA:99,6,0,1
BRDA:99,6,1,7
BRDA:98,7,0,7
BRDA:98,7,1,1
BRDA:144,8,0,1
BRDA:143,9,0,1
BRDA:144,10,0,0
BRDA:144,10,1,1
BRF:24
BRH:21
end_of_record
TN:
SF:src/projectors.ts
FN:5,runBalanceProjector
FN:8,reducer
FN:33,runGiftCardProjector
FN:34,reducer
FN:52,runPendingProjector
FN:53,reducer
FN:67,runProcessingProjector
FN:68,reducer
FN:82,runDeliveryProjector
FN:83,reducer
FNF:10
FNH:10
FNDA:9,runBalanceProjector
FNDA:11,reducer
FNDA:11,runGiftCardProjector
FNDA:11,reducer
FNDA:4,runPendingProjector
FNDA:2,reducer
FNDA:10,runProcessingProjector
FNDA:10,reducer
FNDA:9,runDeliveryProjector
FNDA:9,reducer
DA:1,2
DA:2,2
DA:5,2
DA:6,9
DA:7,9
DA:9,11
DA:13,6
DA:15,5
DA:17,11
DA:18,2
DA:20,9
DA:24,9
DA:33,2
DA:35,11
DA:36,8
DA:37,3
DA:38,1
DA:40,2
DA:43,11
DA:52,2
DA:54,2
DA:55,1
DA:57,1
DA:60,4
DA:67,2
DA:69,10
DA:70,8
DA:72,2
DA:75,10
DA:82,2
DA:84,9
DA:85,1
DA:87,8
DA:90,9
LF:34
LH:34
BRDA:9,0,0,6
BRDA:9,0,1,5
BRDA:10,1,0,11
BRDA:10,1,1,6
BRDA:17,2,0,2
BRDA:17,2,1,9
BRDA:35,3,0,8
BRDA:35,3,1,3
BRDA:37,4,0,1
BRDA:37,4,1,2
BRDA:54,5,0,1
BRDA:54,5,1,1
BRDA:69,6,0,8
BRDA:69,6,1,2
BRDA:84,7,0,1
BRDA:84,7,1,8
BRF:16
BRH:16
end_of_record
TN:
SF:src/types.ts
FN:3,(anonymous_0)
FN:113,(anonymous_1)
FNF:2
FNH:2
FNDA:2,(anonymous_0)
FNDA:2,(anonymous_1)
DA:3,2
DA:4,2
DA:5,2
DA:6,2
DA:7,2
DA:8,2
DA:9,2
DA:10,2
DA:11,2
DA:12,2
DA:113,2
DA:114,2
DA:115,2
DA:116,2
DA:117,2
DA:118,2
DA:119,2
DA:120,2
DA:121,2
DA:122,2
DA:123,2
DA:124,2
LF:22
LH:22
BRDA:3,0,0,2
BRDA:3,0,1,2
BRDA:113,1,0,2
BRDA:113,1,1,2
BRF:4
BRH:4
end_of_record
